{"F:\\Projets web\\StreamAccess\\front\\src\\components\\LoginForm\\LoginForm.tsx": {"path":"F:\\Projets web\\StreamAccess\\front\\src\\components\\LoginForm\\LoginForm.tsx","statementMap":{"0":{"start":{"line":1,"column":0},"end":{"line":1,"column":40}},"1":{"start":{"line":2,"column":0},"end":{"line":2,"column":131}},"2":{"start":{"line":3,"column":0},"end":{"line":3,"column":64}},"3":{"start":{"line":4,"column":0},"end":{"line":4,"column":42}},"4":{"start":{"line":5,"column":0},"end":{"line":5,"column":46}},"5":{"start":{"line":6,"column":0},"end":{"line":6,"column":47}},"6":{"start":{"line":8,"column":28},"end":{"line":128,"column":1}},"7":{"start":{"line":9,"column":18},"end":{"line":9,"column":31}},"8":{"start":{"line":10,"column":19},"end":{"line":10,"column":32}},"9":{"start":{"line":11,"column":33},"end":{"line":11,"column":70}},"10":{"start":{"line":12,"column":29},"end":{"line":12,"column":80}},"11":{"start":{"line":13,"column":41},"end":{"line":13,"column":56}},"12":{"start":{"line":14,"column":31},"end":{"line":14,"column":46}},"13":{"start":{"line":15,"column":43},"end":{"line":15,"column":72}},"14":{"start":{"line":17,"column":22},"end":{"line":36,"column":2}},"15":{"start":{"line":18,"column":14},"end":{"line":18,"column":18}},"16":{"start":{"line":19,"column":59},"end":{"line":19,"column":61}},"17":{"start":{"line":21,"column":2},"end":{"line":27,"column":3}},"18":{"start":{"line":22,"column":3},"end":{"line":22,"column":43}},"19":{"start":{"line":23,"column":3},"end":{"line":23,"column":17}},"20":{"start":{"line":24,"column":9},"end":{"line":27,"column":3}},"21":{"start":{"line":25,"column":3},"end":{"line":25,"column":48}},"22":{"start":{"line":26,"column":3},"end":{"line":26,"column":17}},"23":{"start":{"line":29,"column":2},"end":{"line":32,"column":3}},"24":{"start":{"line":30,"column":3},"end":{"line":30,"column":54}},"25":{"start":{"line":31,"column":3},"end":{"line":31,"column":17}},"26":{"start":{"line":34,"column":2},"end":{"line":34,"column":23}},"27":{"start":{"line":35,"column":2},"end":{"line":35,"column":15}},"28":{"start":{"line":38,"column":22},"end":{"line":69,"column":3}},"29":{"start":{"line":38,"column":68},"end":{"line":69,"column":3}},"30":{"start":{"line":39,"column":2},"end":{"line":39,"column":21}},"31":{"start":{"line":40,"column":2},"end":{"line":40,"column":25}},"32":{"start":{"line":41,"column":2},"end":{"line":41,"column":19}},"33":{"start":{"line":42,"column":2},"end":{"line":42,"column":30}},"34":{"start":{"line":42,"column":23},"end":{"line":42,"column":30}},"35":{"start":{"line":44,"column":2},"end":{"line":68,"column":5}},"36":{"start":{"line":45,"column":20},"end":{"line":49,"column":5}},"37":{"start":{"line":51,"column":3},"end":{"line":54,"column":4}},"38":{"start":{"line":52,"column":22},"end":{"line":52,"column":43}},"39":{"start":{"line":53,"column":4},"end":{"line":53,"column":73}},"40":{"start":{"line":55,"column":16},"end":{"line":55,"column":37}},"41":{"start":{"line":56,"column":6},"end":{"line":56,"column":60}},"42":{"start":{"line":57,"column":6},"end":{"line":57,"column":33}},"43":{"start":{"line":58,"column":3},"end":{"line":58,"column":69}},"44":{"start":{"line":59,"column":3},"end":{"line":59,"column":23}},"45":{"start":{"line":61,"column":3},"end":{"line":65,"column":4}},"46":{"start":{"line":62,"column":4},"end":{"line":62,"column":36}},"47":{"start":{"line":64,"column":4},"end":{"line":64,"column":60}},"48":{"start":{"line":67,"column":6},"end":{"line":67,"column":24}},"49":{"start":{"line":71,"column":1},"end":{"line":127,"column":3}},"50":{"start":{"line":83,"column":21},"end":{"line":83,"column":72}},"51":{"start":{"line":93,"column":21},"end":{"line":93,"column":75}},"52":{"start":{"line":101,"column":25},"end":{"line":101,"column":55}},"53":{"start":{"line":130,"column":0},"end":{"line":130,"column":25}}},"fnMap":{"0":{"name":"(anonymous_7)","decl":{"start":{"line":8,"column":28},"end":{"line":8,"column":31}},"loc":{"start":{"line":8,"column":33},"end":{"line":128,"column":1}}},"1":{"name":"(anonymous_8)","decl":{"start":{"line":17,"column":22},"end":{"line":17,"column":25}},"loc":{"start":{"line":17,"column":27},"end":{"line":36,"column":2}}},"2":{"name":"(anonymous_9)","decl":{"start":{"line":38,"column":22},"end":{"line":38,"column":29}},"loc":{"start":{"line":38,"column":68},"end":{"line":69,"column":3}}},"3":{"name":"(anonymous_10)","decl":{"start":{"line":38,"column":68},"end":{"line":38,"column":null}},"loc":{"start":{"line":38,"column":68},"end":{"line":69,"column":2}}},"4":{"name":"(anonymous_11)","decl":{"start":{"line":83,"column":16},"end":{"line":83,"column":17}},"loc":{"start":{"line":83,"column":21},"end":{"line":83,"column":72}}},"5":{"name":"(anonymous_12)","decl":{"start":{"line":93,"column":16},"end":{"line":93,"column":17}},"loc":{"start":{"line":93,"column":21},"end":{"line":93,"column":75}}},"6":{"name":"(anonymous_13)","decl":{"start":{"line":101,"column":19},"end":{"line":101,"column":22}},"loc":{"start":{"line":101,"column":25},"end":{"line":101,"column":55}}}},"branchMap":{"0":{"loc":{"start":{"line":21,"column":2},"end":{"line":27,"column":3}},"type":"if","locations":[{"start":{"line":21,"column":2},"end":{"line":27,"column":3}},{"start":{"line":24,"column":9},"end":{"line":27,"column":3}}]},"1":{"loc":{"start":{"line":24,"column":9},"end":{"line":27,"column":3}},"type":"if","locations":[{"start":{"line":24,"column":9},"end":{"line":27,"column":3}}]},"2":{"loc":{"start":{"line":29,"column":2},"end":{"line":32,"column":3}},"type":"if","locations":[{"start":{"line":29,"column":2},"end":{"line":32,"column":3}}]},"3":{"loc":{"start":{"line":42,"column":2},"end":{"line":42,"column":30}},"type":"if","locations":[{"start":{"line":42,"column":2},"end":{"line":42,"column":30}}]},"4":{"loc":{"start":{"line":51,"column":3},"end":{"line":54,"column":4}},"type":"if","locations":[{"start":{"line":51,"column":3},"end":{"line":54,"column":4}}]},"5":{"loc":{"start":{"line":53,"column":20},"end":{"line":53,"column":71}},"type":"binary-expr","locations":[{"start":{"line":53,"column":20},"end":{"line":53,"column":37}},{"start":{"line":53,"column":41},"end":{"line":53,"column":71}}]},"6":{"loc":{"start":{"line":61,"column":3},"end":{"line":65,"column":4}},"type":"if","locations":[{"start":{"line":61,"column":3},"end":{"line":65,"column":4}},{"start":{"line":63,"column":10},"end":{"line":65,"column":4}}]},"7":{"loc":{"start":{"line":90,"column":12},"end":{"line":90,"column":46}},"type":"cond-expr","locations":[{"start":{"line":90,"column":27},"end":{"line":90,"column":33}},{"start":{"line":90,"column":36},"end":{"line":90,"column":46}}]},"8":{"loc":{"start":{"line":103,"column":11},"end":{"line":103,"column":60}},"type":"cond-expr","locations":[{"start":{"line":103,"column":26},"end":{"line":103,"column":43}},{"start":{"line":103,"column":46},"end":{"line":103,"column":60}}]},"9":{"loc":{"start":{"line":109,"column":6},"end":{"line":114,"column":null}},"type":"binary-expr","locations":[{"start":{"line":109,"column":6},"end":{"line":109,"column":19}},{"start":{"line":110,"column":6},"end":{"line":113,"column":null}}]},"10":{"loc":{"start":{"line":112,"column":14},"end":{"line":112,"column":74}},"type":"cond-expr","locations":[{"start":{"line":112,"column":50},"end":{"line":112,"column":64}},{"start":{"line":112,"column":67},"end":{"line":112,"column":74}}]},"11":{"loc":{"start":{"line":122,"column":7},"end":{"line":122,"column":80}},"type":"cond-expr","locations":[{"start":{"line":122,"column":17},"end":{"line":122,"column":63}},{"start":{"line":122,"column":66},"end":{"line":122,"column":80}}]}},"s":{"0":1,"1":1,"2":1,"3":1,"4":1,"5":1,"6":1,"7":11,"8":11,"9":11,"10":11,"11":11,"12":11,"13":11,"14":11,"15":2,"16":2,"17":2,"18":0,"19":0,"20":2,"21":0,"22":0,"23":2,"24":0,"25":0,"26":2,"27":2,"28":11,"29":2,"30":2,"31":2,"32":2,"33":2,"34":0,"35":2,"36":2,"37":2,"38":1,"39":1,"40":1,"41":1,"42":1,"43":1,"44":1,"45":1,"46":1,"47":0,"48":2,"49":11,"50":2,"51":2,"52":0,"53":1},"f":{"0":11,"1":2,"2":2,"3":2,"4":2,"5":2,"6":0},"b":{"0":[0,2],"1":[0],"2":[0],"3":[0],"4":[1],"5":[1,0],"6":[1,0],"7":[0,11],"8":[0,11],"9":[11,2],"10":[1,1],"11":[2,9]}}
,"F:\\Projets web\\StreamAccess\\front\\src\\providers\\store.ts": {"path":"F:\\Projets web\\StreamAccess\\front\\src\\providers\\store.ts","statementMap":{"0":{"start":{"line":2,"column":0},"end":{"line":2,"column":78}},"1":{"start":{"line":27,"column":36},"end":{"line":29,"column":2}},"2":{"start":{"line":32,"column":48},"end":{"line":38,"column":2}},"3":{"start":{"line":41,"column":20},"end":{"line":45,"column":2}},"4":{"start":{"line":48,"column":18},"end":{"line":59,"column":2}},"5":{"start":{"line":53,"column":3},"end":{"line":53,"column":32}},"6":{"start":{"line":56,"column":3},"end":{"line":56,"column":33}},"7":{"start":{"line":61,"column":13},"end":{"line":61,"column":33}},"8":{"start":{"line":64,"column":54},"end":{"line":96,"column":2}},"9":{"start":{"line":99,"column":27},"end":{"line":110,"column":2}},"10":{"start":{"line":104,"column":39},"end":{"line":104,"column":53}},"11":{"start":{"line":105,"column":3},"end":{"line":107,"column":4}},"12":{"start":{"line":106,"column":4},"end":{"line":106,"column":48}},"13":{"start":{"line":112,"column":15},"end":{"line":112,"column":60}},"14":{"start":{"line":115,"column":14},"end":{"line":121,"column":2}},"15":{"start":{"line":127,"column":36},"end":{"line":127,"column":70}},"16":{"start":{"line":127,"column":58},"end":{"line":127,"column":70}},"17":{"start":{"line":127,"column":13},"end":{"line":127,"column":36}},"18":{"start":{"line":128,"column":0},"end":{"line":128,"column":21}}},"fnMap":{"0":{"name":"(anonymous_0)","decl":{"start":{"line":52,"column":9},"end":{"line":52,"column":14}},"loc":{"start":{"line":52,"column":17},"end":{"line":54,"column":3}}},"1":{"name":"(anonymous_1)","decl":{"start":{"line":55,"column":10},"end":{"line":55,"column":15}},"loc":{"start":{"line":55,"column":18},"end":{"line":57,"column":3}}},"2":{"name":"(anonymous_2)","decl":{"start":{"line":103,"column":17},"end":{"line":103,"column":18}},"loc":{"start":{"line":103,"column":122},"end":{"line":108,"column":3}}},"3":{"name":"(anonymous_3)","decl":{"start":{"line":127,"column":36},"end":{"line":127,"column":37}},"loc":{"start":{"line":127,"column":58},"end":{"line":127,"column":70}}}},"branchMap":{"0":{"loc":{"start":{"line":105,"column":3},"end":{"line":107,"column":4}},"type":"if","locations":[{"start":{"line":105,"column":3},"end":{"line":107,"column":4}}]},"1":{"loc":{"start":{"line":105,"column":7},"end":{"line":105,"column":87}},"type":"binary-expr","locations":[{"start":{"line":105,"column":7},"end":{"line":105,"column":34}},{"start":{"line":105,"column":38},"end":{"line":105,"column":87}}]}},"s":{"0":1,"1":1,"2":1,"3":1,"4":1,"5":0,"6":0,"7":1,"8":1,"9":1,"10":0,"11":0,"12":0,"13":1,"14":1,"15":1,"16":0,"17":1,"18":1},"f":{"0":0,"1":0,"2":0,"3":0},"b":{"0":[0],"1":[0,0]}}
}
