TN:
SF:src\components\LoginForm\LoginForm.tsx
FN:8,(anonymous_7)
FN:17,(anonymous_8)
FN:38,(anonymous_9)
FN:38,(anonymous_10)
FN:83,(anonymous_11)
FN:93,(anonymous_12)
FN:101,(anonymous_13)
FNF:7
FNH:6
FNDA:11,(anonymous_7)
FNDA:2,(anonymous_8)
FNDA:2,(anonymous_9)
FNDA:2,(anonymous_10)
FNDA:2,(anonymous_11)
FNDA:2,(anonymous_12)
FNDA:0,(anonymous_13)
DA:1,1
DA:2,1
DA:3,1
DA:4,1
DA:5,1
DA:6,1
DA:8,1
DA:9,11
DA:10,11
DA:11,11
DA:12,11
DA:13,11
DA:14,11
DA:15,11
DA:17,11
DA:18,2
DA:19,2
DA:21,2
DA:22,0
DA:23,0
DA:24,2
DA:25,0
DA:26,0
DA:29,2
DA:30,0
DA:31,0
DA:34,2
DA:35,2
DA:38,11
DA:39,2
DA:40,2
DA:41,2
DA:42,2
DA:44,2
DA:45,2
DA:51,2
DA:52,1
DA:53,1
DA:55,1
DA:56,1
DA:57,1
DA:58,1
DA:59,1
DA:61,1
DA:62,1
DA:64,0
DA:67,2
DA:71,11
DA:83,2
DA:93,2
DA:101,0
DA:130,1
LF:52
LH:44
BRDA:21,0,0,0
BRDA:21,0,1,2
BRDA:24,1,0,0
BRDA:29,2,0,0
BRDA:42,3,0,0
BRDA:51,4,0,1
BRDA:53,5,0,1
BRDA:53,5,1,0
BRDA:61,6,0,1
BRDA:61,6,1,0
BRDA:90,7,0,0
BRDA:90,7,1,11
BRDA:103,8,0,0
BRDA:103,8,1,11
BRDA:109,9,0,11
BRDA:109,9,1,2
BRDA:112,10,0,1
BRDA:112,10,1,1
BRDA:122,11,0,2
BRDA:122,11,1,9
BRF:20
BRH:12
end_of_record
TN:
SF:src\providers\store.ts
FN:52,(anonymous_0)
FN:55,(anonymous_1)
FN:103,(anonymous_2)
FN:127,(anonymous_3)
FNF:4
FNH:0
FNDA:0,(anonymous_0)
FNDA:0,(anonymous_1)
FNDA:0,(anonymous_2)
FNDA:0,(anonymous_3)
DA:2,1
DA:27,1
DA:32,1
DA:41,1
DA:48,1
DA:53,0
DA:56,0
DA:61,1
DA:64,1
DA:99,1
DA:104,0
DA:105,0
DA:106,0
DA:112,1
DA:115,1
DA:127,1
DA:128,1
LF:17
LH:12
BRDA:105,0,0,0
BRDA:105,1,0,0
BRDA:105,1,1,0
BRF:3
BRH:0
end_of_record
